c:\work\csharp_fun\peterpancsharp\sudokuclrdll\debug\sudokuclrdll.pch
c:\work\csharp_fun\peterpancsharp\sudokuclrdll\debug\vc140.pdb
c:\work\csharp_fun\peterpancsharp\sudokuclrdll\debug\stdafx.obj
c:\work\csharp_fun\peterpancsharp\sudokuclrdll\debug\sudokusolverwrapper.obj
c:\work\csharp_fun\peterpancsharp\sudokuclrdll\debug\sudokusolverengine.obj
c:\work\csharp_fun\peterpancsharp\sudokuclrdll\debug\assemblyinfo.obj
c:\work\csharp_fun\peterpancsharp\sudokuclrdll\debug\.netframework,version=v4.5.2.assemblyattributes.obj
c:\work\csharp_fun\peterpancsharp\sudokuclrdll\debug\.netframework,version=v4.5.2.assemblyattributes.asm
c:\work\csharp_fun\peterpancsharp\debug\sudokuclrdll.dll
c:\work\csharp_fun\peterpancsharp\debug\sudokuclrdll.pdb
c:\work\csharp_fun\peterpancsharp\sudokuclrdll\debug\app.res
c:\work\csharp_fun\peterpancsharp\sudokuclrdll\debug\sudokuclrdll.tlog\cl.command.1.tlog
c:\work\csharp_fun\peterpancsharp\sudokuclrdll\debug\sudokuclrdll.tlog\cl.read.1.tlog
c:\work\csharp_fun\peterpancsharp\sudokuclrdll\debug\sudokuclrdll.tlog\cl.write.1.tlog
c:\work\csharp_fun\peterpancsharp\sudokuclrdll\debug\sudokuclrdll.tlog\link.command.1.tlog
c:\work\csharp_fun\peterpancsharp\sudokuclrdll\debug\sudokuclrdll.tlog\link.read.1.tlog
c:\work\csharp_fun\peterpancsharp\sudokuclrdll\debug\sudokuclrdll.tlog\link.write.1.tlog
c:\work\csharp_fun\peterpancsharp\sudokuclrdll\debug\sudokuclrdll.tlog\metagen.read.1.tlog
c:\work\csharp_fun\peterpancsharp\sudokuclrdll\debug\sudokuclrdll.tlog\metagen.write.1.tlog
c:\work\csharp_fun\peterpancsharp\sudokuclrdll\debug\sudokuclrdll.tlog\rc.command.1.tlog
c:\work\csharp_fun\peterpancsharp\sudokuclrdll\debug\sudokuclrdll.tlog\rc.read.1.tlog
c:\work\csharp_fun\peterpancsharp\sudokuclrdll\debug\sudokuclrdll.tlog\rc.write.1.tlog
c:\work\csharp_fun\peterpancsharp\sudokuclrdll\debug\sudokuclrdll.tlog\rsaenh.dll.bi
c:\work\csharp_fun\peterpancsharp\sudokuclrdll\debug\sudokuclrdll.tlog\tzres.dll.bi
