c:\work\csharp_fun\peterpancsharp\sudokuclrdll\release\sudokuclrdll.pch
c:\work\csharp_fun\peterpancsharp\sudokuclrdll\release\vc140.pdb
c:\work\csharp_fun\peterpancsharp\sudokuclrdll\release\stdafx.obj
c:\work\csharp_fun\peterpancsharp\sudokuclrdll\release\sudokusolverwrapper.obj
c:\work\csharp_fun\peterpancsharp\sudokuclrdll\release\sudokusolverengine.obj
c:\work\csharp_fun\peterpancsharp\sudokuclrdll\release\assemblyinfo.obj
c:\work\csharp_fun\peterpancsharp\sudokuclrdll\release\.netframework,version=v4.5.2.assemblyattributes.obj
c:\work\csharp_fun\peterpancsharp\sudokuclrdll\release\.netframework,version=v4.5.2.assemblyattributes.asm
c:\work\csharp_fun\peterpancsharp\release\sudokuclrdll.dll
c:\work\csharp_fun\peterpancsharp\release\sudokuclrdll.pdb
c:\work\csharp_fun\peterpancsharp\sudokuclrdll\release\app.res
c:\work\csharp_fun\peterpancsharp\sudokuclrdll\release\sudokuclrdll.tlog\cl.command.1.tlog
c:\work\csharp_fun\peterpancsharp\sudokuclrdll\release\sudokuclrdll.tlog\cl.read.1.tlog
c:\work\csharp_fun\peterpancsharp\sudokuclrdll\release\sudokuclrdll.tlog\cl.write.1.tlog
c:\work\csharp_fun\peterpancsharp\sudokuclrdll\release\sudokuclrdll.tlog\link.command.1.tlog
c:\work\csharp_fun\peterpancsharp\sudokuclrdll\release\sudokuclrdll.tlog\link.read.1.tlog
c:\work\csharp_fun\peterpancsharp\sudokuclrdll\release\sudokuclrdll.tlog\link.write.1.tlog
c:\work\csharp_fun\peterpancsharp\sudokuclrdll\release\sudokuclrdll.tlog\metagen.read.1.tlog
c:\work\csharp_fun\peterpancsharp\sudokuclrdll\release\sudokuclrdll.tlog\metagen.write.1.tlog
c:\work\csharp_fun\peterpancsharp\sudokuclrdll\release\sudokuclrdll.tlog\rc.command.1.tlog
c:\work\csharp_fun\peterpancsharp\sudokuclrdll\release\sudokuclrdll.tlog\rc.read.1.tlog
c:\work\csharp_fun\peterpancsharp\sudokuclrdll\release\sudokuclrdll.tlog\rc.write.1.tlog
c:\work\csharp_fun\peterpancsharp\sudokuclrdll\release\sudokuclrdll.tlog\rsaenh.dll.bi
c:\work\csharp_fun\peterpancsharp\sudokuclrdll\release\sudokuclrdll.tlog\tzres.dll.bi
